<?xml version="1.0" encoding="UTF-8"?>
<!-- Generated by org.testng.reporters.JUnitXMLReporter -->
<testsuite hostname="PayalHenish" ignored="0" name="Default test" tests="3" failures="0" timestamp="29 Sep 2019 17:31:44 GMT" time="60.906" errors="0">
  <testcase name="verifyHomePageTitleTest" time="0.019" classname="com.crm.qa.testcases.HomePageTest"/>
  <testcase name="verifyUserNameTest" time="0.201" classname="com.crm.qa.testcases.HomePageTest"/>
  <testcase name="verifyContactsLinkTest" time="0.786" classname="com.crm.qa.testcases.HomePageTest"/>
</testsuite> <!-- Default test -->
