<?xml version="1.0" encoding="UTF-8"?>
<!-- Generated by org.testng.reporters.JUnitXMLReporter -->
<testsuite hostname="PayalHenish" ignored="0" name="Command line test" tests="3" failures="0" timestamp="09 Oct 2019 19:56:56 GMT" time="79.511" errors="0">
  <testcase name="verifyContactsPageLabelTest" time="0.08" classname="com.crm.qa.testcases.ContactsPageTest"/>
  <testcase name="verifyHomePageTitleTest" time="0.004" classname="com.crm.qa.testcases.HomePageTest"/>
  <testcase name="LoginPageTitleTest" time="0.005" classname="com.crm.qa.testcases.LoginPageTest"/>
</testsuite> <!-- Command line test -->
