<?xml version="1.0" encoding="UTF-8"?>
<testng-results skipped="0" failed="0" ignored="0" total="3" passed="3">
  <reporter-output>
  </reporter-output>
  <suite name="Command line suite" duration-ms="79511" started-at="2019-10-09T19:55:36Z" finished-at="2019-10-09T19:56:56Z">
    <groups>
    </groups>
    <test name="Command line test" duration-ms="79511" started-at="2019-10-09T19:55:36Z" finished-at="2019-10-09T19:56:56Z">
      <class name="com.crm.qa.testcases.HomePageTest">
        <test-method status="PASS" signature="setUp()[pri:0, instance:com.crm.qa.testcases.HomePageTest@614c5515]" name="setUp" is-config="true" duration-ms="15650" started-at="2019-10-09T19:56:15Z" finished-at="2019-10-09T19:56:31Z">
          <reporter-output>
          </reporter-output>
        </test-method> <!-- setUp -->
        <test-method status="PASS" signature="verifyHomePageTitleTest()[pri:1, instance:com.crm.qa.testcases.HomePageTest@614c5515]" name="verifyHomePageTitleTest" duration-ms="4" started-at="2019-10-09T19:56:31Z" finished-at="2019-10-09T19:56:31Z">
          <reporter-output>
          </reporter-output>
        </test-method> <!-- verifyHomePageTitleTest -->
        <test-method status="PASS" signature="TearDown()[pri:0, instance:com.crm.qa.testcases.HomePageTest@614c5515]" name="TearDown" is-config="true" duration-ms="6650" started-at="2019-10-09T19:56:31Z" finished-at="2019-10-09T19:56:37Z">
          <reporter-output>
          </reporter-output>
        </test-method> <!-- TearDown -->
      </class> <!-- com.crm.qa.testcases.HomePageTest -->
      <class name="com.crm.qa.testcases.ContactsPageTest">
        <test-method status="PASS" signature="setUp()[pri:0, instance:com.crm.qa.testcases.ContactsPageTest@6fb554cc]" name="setUp" is-config="true" duration-ms="32354" started-at="2019-10-09T19:55:36Z" finished-at="2019-10-09T19:56:09Z">
          <reporter-output>
          </reporter-output>
        </test-method> <!-- setUp -->
        <test-method status="PASS" signature="verifyContactsPageLabelTest()[pri:1, instance:com.crm.qa.testcases.ContactsPageTest@6fb554cc]" name="verifyContactsPageLabelTest" duration-ms="80" started-at="2019-10-09T19:56:09Z" finished-at="2019-10-09T19:56:09Z">
          <reporter-output>
          </reporter-output>
        </test-method> <!-- verifyContactsPageLabelTest -->
        <test-method status="PASS" signature="TearDown()[pri:0, instance:com.crm.qa.testcases.ContactsPageTest@6fb554cc]" name="TearDown" is-config="true" duration-ms="6230" started-at="2019-10-09T19:56:09Z" finished-at="2019-10-09T19:56:15Z">
          <reporter-output>
          </reporter-output>
        </test-method> <!-- TearDown -->
      </class> <!-- com.crm.qa.testcases.ContactsPageTest -->
      <class name="com.crm.qa.testcases.LoginPageTest">
        <test-method status="PASS" signature="setUp()[pri:0, instance:com.crm.qa.testcases.LoginPageTest@77b52d12]" name="setUp" is-config="true" duration-ms="12009" started-at="2019-10-09T19:56:37Z" finished-at="2019-10-09T19:56:49Z">
          <reporter-output>
          </reporter-output>
        </test-method> <!-- setUp -->
        <test-method status="PASS" signature="LoginPageTitleTest()[pri:1, instance:com.crm.qa.testcases.LoginPageTest@77b52d12]" name="LoginPageTitleTest" duration-ms="5" started-at="2019-10-09T19:56:49Z" finished-at="2019-10-09T19:56:49Z">
          <reporter-output>
          </reporter-output>
        </test-method> <!-- LoginPageTitleTest -->
        <test-method status="PASS" signature="TearDown()[pri:0, instance:com.crm.qa.testcases.LoginPageTest@77b52d12]" name="TearDown" is-config="true" duration-ms="6494" started-at="2019-10-09T19:56:49Z" finished-at="2019-10-09T19:56:56Z">
          <reporter-output>
          </reporter-output>
        </test-method> <!-- TearDown -->
      </class> <!-- com.crm.qa.testcases.LoginPageTest -->
    </test> <!-- Command line test -->
  </suite> <!-- Command line suite -->
</testng-results>
